2025-06-11 12:39:53,814 INFO 
                Заголовок: Вторая российская группировка войск вышла к Днепропетровской области
                Текст: Вторая российская группировка войск вышла к западной границе ДНР и присоединилась к наступлению в Днепропетровской области, сообщило Минобороны.
                Время публикации: 2025-06-11 12:37:26
                Ссылка: https://www.rbc.ru/politics/11/06/2025/68494d569a7947bc790a76ce?from=short_news
2025-06-11 12:39:53,903 WARNING Нет времени публикации: https://www.autodaily.ru/news/68482c8c9a7947730c3001f7?from=short_news
2025-06-11 12:39:53,904 INFO 
                Заголовок: В России хотят изменить требования к сенсорным экранам в авто. Что будет
                Текст: Отсутствует
                Время публикации: 2025-06-11 12:39:53
                Ссылка: https://www.autodaily.ru/news/68482c8c9a7947730c3001f7?from=short_news
2025-06-11 12:39:54,062 INFO 
                Заголовок: В Херсонской области женщину приговорили к 12 годам за госизмену
                Текст: Херсонский областной суд приговорил 42-летнюю Ольгу Гульчак к 12 годам колонии общего режима за государственную измену. Ее обвинили в спонсировании ВСУ, сообщили в пресс-службе областной прокуратуры.
                Время публикации: 2025-06-11 12:08:45
                Ссылка: https://www.rbc.ru/rbcfreenews/6849449c9a794766666ba4c6?from=short_news
2025-06-11 12:54:54,259 INFO 
                Заголовок: В Кремле оценили перенос переговоров с США в столицы
                Текст: Диалог с американской стороной об устранении «раздражителей» в двусторонних отношениях продолжается, заявил пресс-секретарь российского президента Дмитрий Песков, передает корреспондент РБК.
                Время публикации: 2025-06-11 12:40:33
                Ссылка: https://www.rbc.ru/politics/11/06/2025/68494c4f9a794701a43849d4?from=short_news
2025-06-11 12:54:54,365 INFO 
                Заголовок: Вторая российская группировка войск вышла к Днепропетровской области
                Текст: 
Минобороны сообщило о продолжении боев в Днепропетровской области

                Время публикации: 2025-06-11 12:37:26
                Ссылка: https://www.rbc.ru/politics/11/06/2025/68494d569a7947bc790a76ce?from=short_news
2025-06-11 12:54:54,651 WARNING Нет времени публикации: https://www.autodaily.ru/news/68482c8c9a7947730c3001f7?from=short_news
2025-06-11 12:54:54,651 INFO 
                Заголовок: В России хотят изменить требования к сенсорным экранам в авто. Что будет
                Текст: Отсутствует
                Время публикации: 2025-06-11 12:54:54
                Ссылка: https://www.autodaily.ru/news/68482c8c9a7947730c3001f7?from=short_news
2025-06-11 13:09:54,856 INFO 
                Заголовок: В Кремле оценили перенос переговоров с США в столицы
                Текст: 
Переговоры между Россией и США об устранении «раздражителей» в двусторонних отношениях продолжаются, однако «завалов очень много», заявил Песков, призвав не надеяться на быстрые результаты. Новый раунд должен пройти в Москве

                Время публикации: 2025-06-11 12:40:33
                Ссылка: https://www.rbc.ru/politics/11/06/2025/68494c4f9a794701a43849d4?from=short_news
2025-06-11 13:09:54,969 INFO 
                Заголовок: Вторая российская группировка войск вышла к Днепропетровской области
                Текст: 
Минобороны сообщило о продолжении боев в Днепропетровской области

                Время публикации: 2025-06-11 12:37:26
                Ссылка: https://www.rbc.ru/politics/11/06/2025/68494d569a7947bc790a76ce?from=short_news
2025-06-11 13:24:55,167 INFO 
                Заголовок: Захарова связала протесты в США с глубоким кризисом, а не «рукой Кремля»
                Текст: 
Беспорядки из-за иммиграционных рейдов в США не связаны с «рукой Кремля» или «происками Пекина», заявила Захарова. По словам официального представителя российского МИДа, протесты свидетельствуют о глубочайшем кризисе в Штатах

                Время публикации: 2025-06-11 13:17:02
                Ссылка: https://www.rbc.ru/politics/11/06/2025/684954da9a7947157f46e84b?from=short_news
2025-06-11 13:24:55,277 INFO 
                Заголовок: В Кремле оценили перенос переговоров с США в столицы
                Текст: 
Переговоры между Россией и США об устранении «раздражителей» в двусторонних отношениях продолжаются, однако «завалов очень много», заявил Песков, призвав не надеяться на быстрые результаты. Новый раунд должен пройти в Москве

                Время публикации: 2025-06-11 12:40:33
                Ссылка: https://www.rbc.ru/politics/11/06/2025/68494c4f9a794701a43849d4?from=short_news
2025-06-11 13:39:55,446 INFO 
                Заголовок: Колокольцев призвал к высылке «бесполезных» мигрантов из России
                Текст: 
Колокольцев заявил, что уволенные и отчисленные из вузов мигранты, те, кто «не приносит пользы для общества», должны уехать из страны. Ранее на отношение к мигрантам  России жаловались Таджикистан, Узбекистан и Киргизия

                Время публикации: 2025-06-11 13:32:08
                Ссылка: https://www.rbc.ru/politics/11/06/2025/684952299a7947d8af437d07?from=short_news
2025-06-11 13:39:55,634 INFO 
                Заголовок: Захарова связала протесты в США с глубоким кризисом, а не «рукой Кремля»
                Текст: 
Беспорядки из-за иммиграционных рейдов в США не связаны с «рукой Кремля» или «происками Пекина», заявила Захарова. По словам официального представителя российского МИДа, протесты свидетельствуют о глубочайшем кризисе в Штатах

                Время публикации: 2025-06-11 13:17:02
                Ссылка: https://www.rbc.ru/politics/11/06/2025/684954da9a7947157f46e84b?from=short_news
2025-06-11 13:54:55,902 INFO 
                Заголовок: Колокольцев призвал к высылке «бесполезных» мигрантов из России
                Текст: 
Колокольцев заявил, что уволенные и отчисленные из вузов мигранты, те, кто «не приносит пользы для общества», должны уехать из страны. Ранее на отношение к мигрантам в России жаловались Таджикистан, Узбекистан и Киргизия

                Время публикации: 2025-06-11 13:32:08
                Ссылка: https://www.rbc.ru/politics/11/06/2025/684952299a7947d8af437d07?from=short_news
2025-06-11 13:54:56,026 INFO 
                Заголовок: Захарова связала протесты в США с глубоким кризисом, а не «рукой Кремля»
                Текст: 
Беспорядки из-за иммиграционных рейдов в США не связаны с «рукой Кремля» или «происками Пекина», заявила Захарова. По словам официального представителя российского МИДа, протесты свидетельствуют о глубочайшем кризисе в Штатах

                Время публикации: 2025-06-11 13:17:02
                Ссылка: https://www.rbc.ru/politics/11/06/2025/684954da9a7947157f46e84b?from=short_news
2025-06-11 14:09:56,388 INFO 
                Заголовок: Колокольцев призвал к высылке «бесполезных» мигрантов из России
                Текст: 
Колокольцев заявил, что уволенные и отчисленные из вузов мигранты, те, кто «не приносит пользы для общества», должны уехать из страны. Ранее на отношение к мигрантам в России жаловались Таджикистан, Узбекистан и Киргизия

                Время публикации: 2025-06-11 13:32:08
                Ссылка: https://www.rbc.ru/politics/11/06/2025/684952299a7947d8af437d07?from=short_news
2025-06-11 14:09:56,515 INFO 
                Заголовок: Захарова связала протесты в США с глубоким кризисом, а не «рукой Кремля»
                Текст: 
Беспорядки из-за иммиграционных рейдов в США не связаны с «рукой Кремля» или «происками Пекина», заявила Захарова. По словам официального представителя российского МИДа, протесты свидетельствуют о глубочайшем кризисе в Штатах

                Время публикации: 2025-06-11 13:17:02
                Ссылка: https://www.rbc.ru/politics/11/06/2025/684954da9a7947157f46e84b?from=short_news
2025-06-11 14:24:56,747 INFO 
                Заголовок: Россия вернула тела 27 военных в рамках обмена с Украиной
                Текст: Россия вернула тела 27 погибших военнослужащих в рамках обмена с Украиной, сообщил РБК представитель парламентской координационной группы по вопросам военной операции, депутат Госдумы Шамсаил Саралиев.
                Время публикации: 2025-06-11 14:20:36
                Ссылка: https://www.rbc.ru/politics/11/06/2025/6849664d9a7947c1bcc12e1b?from=short_news
2025-06-11 14:24:57,076 INFO 
                Заголовок: Одна из богатейших женщин США поддержала протест против Трампа
                Текст: 
Одна из богатейших жителей Соединенных Штатов, наследница Walmart, поддержала протесты против политики Трампа, узнал Forbes. Женщина оплатила рекламу протестов в изданиях The Times и The New York Times

                Время публикации: 2025-06-11 14:11:57
                Ссылка: https://www.rbc.ru/politics/11/06/2025/68495b509a79477a776d5d34?from=short_news
2025-06-11 14:39:57,408 INFO 
                Заголовок: Украина передала России тела 27 военных в рамках обмена
                Текст: Украина передала России тела 27 погибших военнослужащих в рамках обмена, сообщил РБК представитель парламентской координационной группы по вопросам военной операции, депутат Госдумы Шамсаил Саралиев.
                Время публикации: 2025-06-11 14:20:36
                Ссылка: https://www.rbc.ru/politics/11/06/2025/6849664d9a7947c1bcc12e1b?from=short_news
2025-06-11 14:39:57,530 INFO 
                Заголовок: Одна из богатейших женщин США поддержала протест против Трампа
                Текст: 
Одна из богатейших жителей Соединенных Штатов, наследница Walmart, поддержала протесты против политики Трампа, узнал Forbes. Женщина оплатила рекламу протестов в изданиях The Times и The New York Times

                Время публикации: 2025-06-11 14:11:57
                Ссылка: https://www.rbc.ru/politics/11/06/2025/68495b509a79477a776d5d34?from=short_news
2025-06-11 14:54:57,697 INFO 
                Заголовок: Ким Чен Ын поздравил Путина с Днем России
                Текст: Лидер КНДР Ким Чен Ын направил поздравительную телеграмму президенту России Владимиру Путину в преддверии Дня России, передает ТАСС со ссылкой на Центральное телеграфное агенство Кореи.
                Время публикации: 2025-06-11 14:41:57
                Ссылка: https://www.rbc.ru/rbcfreenews/684965869a7947f48c9c98be?from=short_news
2025-06-11 14:54:58,007 INFO 
                Заголовок: Украина передала России тела 27 военных в рамках обмена
                Текст: 
В Россию в рамках обмена возвращены тела 27 погибших военнослужащих. Украина получила тела 1212 военных. Всего стороны запланировали обменять по 6 тыс. тел погибших при боевых действиях

                Время публикации: 2025-06-11 14:20:36
                Ссылка: https://www.rbc.ru/politics/11/06/2025/6849664d9a7947c1bcc12e1b?from=short_news
2025-06-11 14:54:58,130 INFO 
                Заголовок: Одна из богатейших женщин США поддержала протест против Трампа
                Текст: 
Одна из богатейших жителей Соединенных Штатов, наследница Walmart, поддержала протесты против политики Трампа, узнал Forbes. Женщина оплатила рекламу протестов в изданиях The Times и The New York Times

                Время публикации: 2025-06-11 14:11:57
                Ссылка: https://www.rbc.ru/politics/11/06/2025/68495b509a79477a776d5d34?from=short_news
2025-06-11 15:09:58,562 INFO 
                Заголовок: Россиянка проиграла 231-й ракетке мира на старте турнира в Нидерландах
                Текст: 
Людмила Самсонова уступила в трех сетах канадке Брэнстин в первом круге турнира в Хертогенбосе, который выиграла в том году. В одиночном разряде соревнований остались еще три россиянки

                Время публикации: 2025-06-11 15:04:51
                Ссылка: https://www.rbc.ru/sport/11/06/2025/68496d8e9a7947f84f1f8808?from=short_news
2025-06-11 15:09:58,919 INFO 
                Заголовок: Россия получила разъяснения Израиля о поставках Patriot Украине
                Текст: 
Российская сторона получила от Израиля опровержение слов посла на Украине о поставках Patriot, заявила Захарова. Представитель МИД ранее отмечала, что посол «повторяет регулярно» заявления о поставках Украине вооружения

                Время публикации: 2025-06-11 15:01:37
                Ссылка: https://www.rbc.ru/politics/11/06/2025/68496b6e9a794758a3dcb17f?from=short_news
2025-06-11 15:09:59,035 INFO 
                Заголовок: Ким Чен Ын поздравил Путина с Днем России
                Текст: Лидер КНДР Ким Чен Ын направил поздравительную телеграмму президенту России Владимиру Путину в преддверии Дня России, передает ТАСС со ссылкой на Центральное телеграфное агентство Кореи.
                Время публикации: 2025-06-11 14:41:57
                Ссылка: https://www.rbc.ru/rbcfreenews/684965869a7947f48c9c98be?from=short_news
2025-06-11 15:24:59,255 INFO 
                Заголовок: Трамп объявил о заключении сделки с Китаем
                Текст: Делегации США и Китая по итогам переговоров достигли соглашения о значительном снижении взаимных тарифов. Об этом американский президент Дональд Трамп написал в своей соцсети Truth Social.
                Время публикации: 2025-06-11 15:14:01
                Ссылка: https://www.rbc.ru/politics/11/06/2025/684972649a79471114a72daa?from=short_news
2025-06-11 15:24:59,297 WARNING Нет времени публикации: https://www.rbc.ru/wine/news/684970b89a79470b6ea17c9f?from=short_news
2025-06-11 15:24:59,297 INFO 
                Заголовок: В Армении заявили, что Грузия не пускает в Россию грузовики с коньяком
                Текст: Отсутствует
                Время публикации: 2025-06-11 15:24:59
                Ссылка: https://www.rbc.ru/wine/news/684970b89a79470b6ea17c9f?from=short_news
2025-06-11 15:24:59,482 INFO 
                Заголовок: Россиянка проиграла 231-й ракетке мира на старте турнира в Нидерландах
                Текст: 
Людмила Самсонова уступила в трех сетах канадке Брэнстин в первом круге турнира в Хертогенбосе, который выиграла в том году. В одиночном разряде соревнований остались еще три россиянки

                Время публикации: 2025-06-11 15:04:51
                Ссылка: https://www.rbc.ru/sport/11/06/2025/68496d8e9a7947f84f1f8808?from=short_news
2025-06-11 15:24:59,598 INFO 
                Заголовок: Россия получила разъяснения Израиля о поставках Patriot Украине
                Текст: 
Российская сторона получила от Израиля опровержение слов посла на Украине о поставках Patriot, заявила Захарова. Представитель МИД ранее отмечала, что посол «повторяет регулярно» заявления о поставках Украине вооружения

                Время публикации: 2025-06-11 15:01:37
                Ссылка: https://www.rbc.ru/politics/11/06/2025/68496b6e9a794758a3dcb17f?from=short_news
2025-06-11 15:40:00,068 INFO 
                Заголовок: Трамп объявил о заключении сделки с Китаем
                Текст: Делегации США и Китая по итогам переговоров достигли соглашения о значительном снижении взаимных тарифов. Об этом американский президент Дональд Трамп написал в своей соцсети Truth Social.
                Время публикации: 2025-06-11 15:14:01
                Ссылка: https://www.rbc.ru/politics/11/06/2025/684972649a79471114a72daa?from=short_news
2025-06-11 15:40:00,117 WARNING Нет времени публикации: https://www.rbc.ru/wine/news/684970b89a79470b6ea17c9f?from=short_news
2025-06-11 15:40:00,117 INFO 
                Заголовок: В Армении заявили, что Грузия не пускает в Россию грузовики с коньяком
                Текст: Отсутствует
                Время публикации: 2025-06-11 15:40:00
                Ссылка: https://www.rbc.ru/wine/news/684970b89a79470b6ea17c9f?from=short_news
2025-06-11 15:40:00,254 INFO 
                Заголовок: Россиянка проиграла 231-й ракетке мира на старте турнира в Нидерландах
                Текст: 
Людмила Самсонова уступила в трех сетах канадке Брэнстин в первом круге турнира в Хертогенбосе, который выиграла в том году. В одиночном разряде соревнований остались еще три россиянки

                Время публикации: 2025-06-11 15:04:51
                Ссылка: https://www.rbc.ru/sport/11/06/2025/68496d8e9a7947f84f1f8808?from=short_news
2025-06-11 15:55:00,447 INFO 
                Заголовок: Трамп объявил о заключении сделки с Китаем
                Текст: 
США и Китай договорились о заключении торгового соглашения, теперь оно должно быть одобрено главами двух государств, сообщил Трамп. В рамках соглашения Вашингтон снизит пошлины на китайские до 55%, а Пекин на американские — до 10%

                Время публикации: 2025-06-11 15:14:01
                Ссылка: https://www.rbc.ru/politics/11/06/2025/684972649a79471114a72daa?from=short_news
2025-06-11 15:55:00,488 WARNING Нет времени публикации: https://www.rbc.ru/wine/news/684970b89a79470b6ea17c9f?from=short_news
2025-06-11 15:55:00,488 INFO 
                Заголовок: В Армении заявили, что Грузия не пускает в Россию грузовики с коньяком
                Текст: Отсутствует
                Время публикации: 2025-06-11 15:55:00
                Ссылка: https://www.rbc.ru/wine/news/684970b89a79470b6ea17c9f?from=short_news
2025-06-11 16:10:00,626 INFO 
                Заголовок: Лондон раскрыл, кто покроет убытки за оставшиеся в России самолеты
                Текст: 
Высокий суд Англии и Уэльса обязал страховщиков выплатить компенсацию почти за 150 самолетов, которые остались в России после начала спецоперации

                Время публикации: 2025-06-11 15:59:32
                Ссылка: https://www.rbc.ru/rbcfreenews/684975c09a794728d16ead4f?from=short_news
2025-06-11 16:10:00,696 INFO 
                Заголовок: Члены партии Мерца потребовали переговоров с Россией вместо вооружений
                Текст: Члены Социал-демократической партии Германии (СДПГ), входящей в правительство, предложили начать переговоры с Россией, сообщил журнал Stern.
                Время публикации: 2025-06-11 15:55:09
                Ссылка: https://www.rbc.ru/rbcfreenews/68497c0c9a794757e552e107?from=short_news
2025-06-11 16:25:00,895 INFO 
                Заголовок: Лондон раскрыл, кто покроет убытки за оставшиеся в России самолеты
                Текст: 
Высокий суд Англии и Уэльса обязал страховщиков выплатить компенсацию почти за 150 самолетов, которые остались в России после начала спецоперации

                Время публикации: 2025-06-11 15:59:32
                Ссылка: https://www.rbc.ru/rbcfreenews/684975c09a794728d16ead4f?from=short_news
2025-06-11 16:25:00,997 INFO 
                Заголовок: Члены СДПГ потребовали переговоров с Россией вместо вооружений
                Текст: Члены Социал-демократической партии Германии (СДПГ), входящей в правительство, предложили начать переговоры с Россией, сообщил журнал Stern.
                Время публикации: 2025-06-11 15:55:09
                Ссылка: https://www.rbc.ru/rbcfreenews/68497c0c9a794757e552e107?from=short_news
